#-----------------------------------------------------------
# Vivado v2018.3 (64-bit)
# SW Build 2405991 on Thu Dec  6 23:36:41 MST 2018
# IP Build 2404404 on Fri Dec  7 01:43:56 MST 2018
# Start of session at: Mon Oct  7 15:40:44 2019
# Process ID: 16836
# Current directory: /home/hwtest/vpalladi/packages/KU15P_SO_IBERT_FULL/tcl_scripts
# Command line: vivado
# Log file: /home/hwtest/vpalladi/packages/KU15P_SO_IBERT_FULL/tcl_scripts/vivado.log
# Journal file: /home/hwtest/vpalladi/packages/KU15P_SO_IBERT_FULL/tcl_scripts/vivado.jou
#-----------------------------------------------------------
start_gui
open_hw
INFO: [IP_Flow 19-234] Refreshing IP repositories
INFO: [IP_Flow 19-1704] No user IP repositories specified
INFO: [IP_Flow 19-2313] Loaded Vivado IP repository '/opt/Xilinx/Vivado/2018.3/data/ip'.
open_hw: Time (s): cpu = 00:00:07 ; elapsed = 00:00:05 . Memory (MB): peak = 6526.957 ; gain = 163.777 ; free physical = 41826 ; free virtual = 86199
connect_hw_server
INFO: [Labtools 27-2285] Connecting to hw_server url TCP:localhost:3121
open_hw_target
INFO: [Labtoolstcl 44-466] Opening hw_target localhost:3121/xilinx_tcf/Digilent/210249A8479E
ERROR: [Labtools 27-2269] No devices detected on target localhost:3121/xilinx_tcf/Digilent/210249A8479E.
Check cable connectivity and that the target board is powered up then
use the disconnect_hw_server and connect_hw_server to re-register this hardware target.
ERROR: [Common 17-39] 'open_hw_target' failed due to earlier errors.
close_hw_target {localhost:3121/xilinx_tcf/Digilent/210249A8479E}
INFO: [Labtoolstcl 44-464] Closing hw_target localhost:3121/xilinx_tcf/Digilent/210249A8479E
close_hw_target: Time (s): cpu = 00:00:00.34 ; elapsed = 00:00:05 . Memory (MB): peak = 6566.055 ; gain = 0.000 ; free physical = 41839 ; free virtual = 86211
open_hw_target {localhost:3121/xilinx_tcf/Digilent/210308A60B2F}
INFO: [Labtoolstcl 44-466] Opening hw_target localhost:3121/xilinx_tcf/Digilent/210308A60B2F
current_hw_device [get_hw_devices xcvu9p_0]
refresh_hw_device -update_hw_probes false [lindex [get_hw_devices xcvu9p_0] 0]
INFO: [Labtools 27-1434] Device xcvu9p (JTAG device index = 0) is programmed with a design that has no supported debug core(s) in it.
exit
INFO: [Common 17-206] Exiting Vivado at Mon Oct  7 17:01:57 2019...
